<?xml version="1.0" encoding="UTF-8"?>
<testng-results ignored="0" total="1" passed="1" failed="0" skipped="0">
  <reporter-output>
  </reporter-output>
  <suite started-at="2025-06-02T08:27:39 IST" name="Default suite" finished-at="2025-06-02T08:28:16 IST" duration-ms="36741">
    <groups>
    </groups>
    <test started-at="2025-06-02T08:27:39 IST" name="Default test" finished-at="2025-06-02T08:28:16 IST" duration-ms="36741">
      <class name="tests.CarFullFlow">
        <test-method is-config="true" signature="setup()[pri:0, instance:tests.CarFullFlow@4d4d48a6]" started-at="2025-06-02T08:27:39 IST" name="setup" finished-at="2025-06-02T08:27:47 IST" duration-ms="7373" status="PASS">
          <reporter-output>
          </reporter-output>
        </test-method> <!-- setup -->
        <test-method signature="carHomeTest()[pri:0, instance:tests.CarFullFlow@4d4d48a6]" started-at="2025-06-02T08:27:47 IST" name="carHomeTest" finished-at="2025-06-02T08:28:16 IST" duration-ms="29276" status="PASS">
          <reporter-output>
          </reporter-output>
        </test-method> <!-- carHomeTest -->
      </class> <!-- tests.CarFullFlow -->
    </test> <!-- Default test -->
  </suite> <!-- Default suite -->
</testng-results>
